12:01:50,736 INFO  [Server] Starting JBoss (MX MicroKernel)...
12:01:50,736 INFO  [Server] Release ID: JBoss [Trinity] 4.2.3.GA (build: SVNTag=JBoss_4_2_3_GA date=200807181439)
12:01:50,736 DEBUG [Server] Using config: org.jboss.system.server.ServerConfigImpl@8916a2
12:01:50,736 DEBUG [Server] Server type: class org.jboss.system.server.ServerImpl
12:01:50,736 DEBUG [Server] Server loaded through: org.jboss.system.server.NoAnnotationURLClassLoader
12:01:50,736 DEBUG [Server] Boot URLs:
12:01:50,736 DEBUG [Server]   file:/D:/jboss-4.2.3.GA/lib/endorsed/serializer.jar
12:01:50,736 DEBUG [Server]   file:/D:/jboss-4.2.3.GA/lib/endorsed/xalan.jar
12:01:50,736 DEBUG [Server]   file:/D:/jboss-4.2.3.GA/lib/endorsed/xercesImpl.jar
12:01:50,736 DEBUG [Server]   file:/D:/jboss-4.2.3.GA/lib/jboss-jmx.jar
12:01:50,736 DEBUG [Server]   file:/D:/jboss-4.2.3.GA/lib/concurrent.jar
12:01:50,736 DEBUG [Server]   file:/D:/jboss-4.2.3.GA/lib/log4j-boot.jar
12:01:50,736 DEBUG [Server]   file:/D:/jboss-4.2.3.GA/lib/jboss-common.jar
12:01:50,736 DEBUG [Server]   file:/D:/jboss-4.2.3.GA/lib/jboss-system.jar
12:01:50,736 DEBUG [Server]   file:/D:/jboss-4.2.3.GA/lib/jboss-xml-binding.jar
12:01:50,736 INFO  [Server] Home Dir: D:\jboss-4.2.3.GA
12:01:50,736 INFO  [Server] Home URL: file:/D:/jboss-4.2.3.GA/
12:01:50,736 DEBUG [Server] Library URL: file:/D:/jboss-4.2.3.GA/lib/
12:01:50,736 INFO  [Server] Patch URL: null
12:01:50,736 INFO  [Server] Server Name: default
12:01:50,736 INFO  [Server] Server Home Dir: D:\jboss-4.2.3.GA\server\default
12:01:50,736 INFO  [Server] Server Home URL: file:/D:/jboss-4.2.3.GA/server/default/
12:01:50,752 INFO  [Server] Server Log Dir: D:\jboss-4.2.3.GA\server\default\log
12:01:50,752 DEBUG [Server] Server Data Dir: D:\jboss-4.2.3.GA\server\default\data
12:01:50,752 INFO  [Server] Server Temp Dir: D:\jboss-4.2.3.GA\server\default\tmp
12:01:50,752 DEBUG [Server] Server Config URL: file:/D:/jboss-4.2.3.GA/server/default/conf/
12:01:50,752 DEBUG [Server] Server Library URL: file:/D:/jboss-4.2.3.GA/server/default/lib/
12:01:50,752 INFO  [Server] Root Deployment Filename: jboss-service.xml
12:01:50,767 DEBUG [Server] Starting General Purpose Architecture (GPA)...
12:01:51,846 DEBUG [Server] Created MBeanServer: org.jboss.mx.server.MBeanServerImpl@982589[ defaultDomain='jboss' ]
12:01:51,892 DEBUG [Server] Boot url list: [file:/D:/jboss-4.2.3.GA/server/default/conf/]
12:01:51,892 DEBUG [Server] Creating loader for URL: file:/D:/jboss-4.2.3.GA/server/default/conf/
12:01:51,908 DEBUG [RepositoryClassLoader] setRepository, repository=org.jboss.mx.loading.UnifiedLoaderRepository3@148bd3, cl=org.jboss.mx.loading.UnifiedClassLoader3@e80842{ url=file:/D:/jboss-4.2.3.GA/server/default/conf/ ,addedOrder=0}
12:01:51,908 DEBUG [RepositoryClassLoader] setRepository, repository=org.jboss.mx.loading.UnifiedLoaderRepository3@148bd3, cl=org.jboss.mx.loading.UnifiedClassLoader3@e80842{ url=file:/D:/jboss-4.2.3.GA/server/default/conf/ ,addedOrder=0}
12:01:51,908 DEBUG [UnifiedLoaderRepository3] Adding org.jboss.mx.loading.UnifiedClassLoader3@e80842{ url=file:/D:/jboss-4.2.3.GA/server/default/conf/ ,addedOrder=0}
12:01:52,252 DEBUG [Server] Failed to create xmbean for: org.jboss.system.server.ServerInfo
12:01:52,267 INFO  [ServerInfo] Java version: 1.6.0_27,Sun Microsystems Inc.
12:01:52,267 INFO  [ServerInfo] Java VM: Java HotSpot(TM) Server VM 20.2-b06,Sun Microsystems Inc.
12:01:52,267 INFO  [ServerInfo] OS-System: Windows 2003 5.2,x86
12:01:52,283 DEBUG [ServerInfo] Full System Properties Dump
12:01:52,283 DEBUG [ServerInfo]     java.vendor: Sun Microsystems Inc.
12:01:52,283 DEBUG [ServerInfo]     sun.java.launcher: SUN_STANDARD
12:01:52,283 DEBUG [ServerInfo]     sun.management.compiler: HotSpot Tiered Compilers
12:01:52,283 DEBUG [ServerInfo]     os.name: Windows 2003
12:01:52,283 DEBUG [ServerInfo]     sun.boot.class.path: D:\jboss-4.2.3.GA\lib\endorsed\serializer.jar;D:\jboss-4.2.3.GA\lib\endorsed\xalan.jar;D:\jboss-4.2.3.GA\lib\endorsed\xercesImpl.jar;C:\Program Files\Java\jdk1.6.0_27\jre\lib\resources.jar;C:\Program Files\Java\jdk1.6.0_27\jre\lib\rt.jar;C:\Program Files\Java\jdk1.6.0_27\jre\lib\sunrsasign.jar;C:\Program Files\Java\jdk1.6.0_27\jre\lib\jsse.jar;C:\Program Files\Java\jdk1.6.0_27\jre\lib\jce.jar;C:\Program Files\Java\jdk1.6.0_27\jre\lib\charsets.jar;C:\Program Files\Java\jdk1.6.0_27\jre\lib\modules\jdk.boot.jar;C:\Program Files\Java\jdk1.6.0_27\jre\classes
12:01:52,283 DEBUG [ServerInfo]     sun.desktop: windows
12:01:52,283 DEBUG [ServerInfo]     java.vm.specification.vendor: Sun Microsystems Inc.
12:01:52,283 DEBUG [ServerInfo]     java.runtime.version: 1.6.0_27-b07
12:01:52,283 DEBUG [ServerInfo]     user.name: Administrator
12:01:52,283 DEBUG [ServerInfo]     jboss.bind.address: 127.0.0.1
12:01:52,283 DEBUG [ServerInfo]     jboss.home.dir: D:\jboss-4.2.3.GA
12:01:52,283 DEBUG [ServerInfo]     user.language: zh
12:01:52,283 DEBUG [ServerInfo]     sun.boot.library.path: C:\Program Files\Java\jdk1.6.0_27\jre\bin
12:01:52,283 DEBUG [ServerInfo]     jboss.home.url: file:/D:/jboss-4.2.3.GA/
12:01:52,283 DEBUG [ServerInfo]     java.version: 1.6.0_27
12:01:52,283 DEBUG [ServerInfo]     user.timezone: Asia/Shanghai
12:01:52,283 DEBUG [ServerInfo]     jboss.server.home.dir: D:\jboss-4.2.3.GA\server\default
12:01:52,283 DEBUG [ServerInfo]     jgroups.bind_addr: 127.0.0.1
12:01:52,283 DEBUG [ServerInfo]     sun.arch.data.model: 32
12:01:52,283 DEBUG [ServerInfo]     java.endorsed.dirs: D:\jboss-4.2.3.GA\lib\endorsed
12:01:52,283 DEBUG [ServerInfo]     jboss.server.home.url: file:/D:/jboss-4.2.3.GA/server/default/
12:01:52,283 DEBUG [ServerInfo]     sun.cpu.isalist: pentium_pro+mmx pentium_pro pentium+mmx pentium i486 i386 i86
12:01:52,283 DEBUG [ServerInfo]     sun.jnu.encoding: GBK
12:01:52,283 DEBUG [ServerInfo]     file.encoding.pkg: sun.io
12:01:52,283 DEBUG [ServerInfo]     file.separator: \
12:01:52,283 DEBUG [ServerInfo]     java.specification.name: Java Platform API Specification
12:01:52,283 DEBUG [ServerInfo]     java.class.version: 50.0
12:01:52,283 DEBUG [ServerInfo]     jboss.server.config.url: file:/D:/jboss-4.2.3.GA/server/default/conf/
12:01:52,283 DEBUG [ServerInfo]     user.country: CN
12:01:52,283 DEBUG [ServerInfo]     java.home: C:\Program Files\Java\jdk1.6.0_27\jre
12:01:52,283 DEBUG [ServerInfo]     java.vm.info: mixed mode
12:01:52,283 DEBUG [ServerInfo]     jboss.lib.url: file:/D:/jboss-4.2.3.GA/lib/
12:01:52,283 DEBUG [ServerInfo]     os.version: 5.2
12:01:52,283 DEBUG [ServerInfo]     path.separator: ;
12:01:52,283 DEBUG [ServerInfo]     java.vm.version: 20.2-b06
12:01:52,283 DEBUG [ServerInfo]     user.variant: 
12:01:52,283 DEBUG [ServerInfo]     java.protocol.handler.pkgs: org.jboss.net.protocol
12:01:52,283 DEBUG [ServerInfo]     java.awt.printerjob: sun.awt.windows.WPrinterJob
12:01:52,283 DEBUG [ServerInfo]     sun.io.unicode.encoding: UnicodeLittle
12:01:52,283 DEBUG [ServerInfo]     awt.toolkit: sun.awt.windows.WToolkit
12:01:52,283 DEBUG [ServerInfo]     jboss.server.temp.dir: D:\jboss-4.2.3.GA\server\default\tmp
12:01:52,283 DEBUG [ServerInfo]     sun.rmi.dgc.client.gcInterval: 3600000
12:01:52,283 DEBUG [ServerInfo]     user.home: C:\Documents and Settings\Administrator
12:01:52,283 DEBUG [ServerInfo]     java.specification.vendor: Sun Microsystems Inc.
12:01:52,283 DEBUG [ServerInfo]     java.library.path: C:\Program Files\Java\jdk1.6.0_27\bin;C:\WINDOWS\Sun\Java\bin;C:\WINDOWS\system32;C:\WINDOWS;C:\Program Files\Java\jdk1.6.0_27\bin;C:\WINDOWS\system32;C:\WINDOWS;C:\WINDOWS\System32\Wbem;C:\Program Files\Microsoft SQL Server\80\Tools\Binn\;D:\Program Files\Microsoft SQL Server\90\Tools\binn\;.
12:01:52,283 DEBUG [ServerInfo]     java.vendor.url: http://java.sun.com/
12:01:52,283 DEBUG [ServerInfo]     program.name: run.bat
12:01:52,283 DEBUG [ServerInfo]     java.vm.vendor: Sun Microsystems Inc.
12:01:52,283 DEBUG [ServerInfo]     sun.rmi.dgc.server.gcInterval: 3600000
12:01:52,283 DEBUG [ServerInfo]     java.runtime.name: Java(TM) SE Runtime Environment
12:01:52,283 DEBUG [ServerInfo]     sun.java.command: org.jboss.Main
12:01:52,283 DEBUG [ServerInfo]     java.class.path: C:\Program Files\Java\jdk1.6.0_27\lib\tools.jar;D:\jboss-4.2.3.GA\bin\run.jar
12:01:52,283 DEBUG [ServerInfo]     jboss.server.log.dir: D:\jboss-4.2.3.GA\server\default\log
12:01:52,283 DEBUG [ServerInfo]     jbossmx.loader.repository.class: org.jboss.mx.loading.UnifiedLoaderRepository3
12:01:52,283 DEBUG [ServerInfo]     java.vm.specification.name: Java Virtual Machine Specification
12:01:52,283 DEBUG [ServerInfo]     java.vm.specification.version: 1.0
12:01:52,283 DEBUG [ServerInfo]     sun.cpu.endian: little
12:01:52,283 DEBUG [ServerInfo]     sun.os.patch.level: Service Pack 2
12:01:52,283 DEBUG [ServerInfo]     jboss.server.lib.url: file:/D:/jboss-4.2.3.GA/server/default/lib/
12:01:52,283 DEBUG [ServerInfo]     java.io.tmpdir: C:\DOCUME~1\ADMINI~1\LOCALS~1\Temp\
12:01:52,283 DEBUG [ServerInfo]     java.vendor.url.bug: http://java.sun.com/cgi-bin/bugreport.cgi
12:01:52,283 DEBUG [ServerInfo]     jboss.server.data.dir: D:\jboss-4.2.3.GA\server\default\data
12:01:52,283 DEBUG [ServerInfo]     java.rmi.server.hostname: 127.0.0.1
12:01:52,283 DEBUG [ServerInfo]     os.arch: x86
12:01:52,283 DEBUG [ServerInfo]     java.awt.graphicsenv: sun.awt.Win32GraphicsEnvironment
12:01:52,283 DEBUG [ServerInfo]     java.ext.dirs: C:\Program Files\Java\jdk1.6.0_27\jre\lib\ext;C:\WINDOWS\Sun\Java\lib\ext
12:01:52,283 DEBUG [ServerInfo]     user.dir: D:\jboss-4.2.3.GA\bin
12:01:52,283 DEBUG [ServerInfo]     line.separator: 

12:01:52,283 DEBUG [ServerInfo]     java.vm.name: Java HotSpot(TM) Server VM
12:01:52,283 DEBUG [ServerInfo]     jboss.server.base.dir: D:\jboss-4.2.3.GA\server
12:01:52,283 DEBUG [ServerInfo]     jboss.server.base.url: file:/D:/jboss-4.2.3.GA/server/
12:01:52,283 DEBUG [ServerInfo]     javax.management.builder.initial: org.jboss.mx.server.MBeanServerBuilderImpl
12:01:52,283 DEBUG [ServerInfo]     file.encoding: GBK
12:01:52,283 DEBUG [ServerInfo]     java.specification.version: 1.6
12:01:52,283 DEBUG [ServerInfo]     jboss.server.name: default
12:01:52,299 DEBUG [Server] Created system MBean: jboss.system:type=ServerInfo
12:01:52,299 DEBUG [Server] Failed to create xmbean for: org.jboss.system.ServiceController
12:01:52,377 DEBUG [ServiceController] Controller MBean online
12:01:52,377 DEBUG [Server] Created system MBean: jboss.system:service=ServiceController
12:01:52,924 DEBUG [Server] Created system XMBean: jboss.system:service=MainDeployer
12:01:52,924 DEBUG [ServiceController] Creating service jboss.system:service=MainDeployer
12:01:53,033 DEBUG [MainDeployer] Creating jboss.system:service=MainDeployer
12:01:53,064 DEBUG [Files] Failed to delete dir: D:\jboss-4.2.3.GA\server\default\tmp\deploy
12:01:53,080 DEBUG [MainDeployer] Created jboss.system:service=MainDeployer
12:01:53,080 DEBUG [ServiceController] Creating dependent components for: jboss.system:service=MainDeployer dependents are: []
12:01:53,080 DEBUG [ServiceController] starting service jboss.system:service=MainDeployer
12:01:53,080 DEBUG [MainDeployer] Starting jboss.system:service=MainDeployer
12:01:53,080 DEBUG [MainDeployer] Started jboss.system:service=MainDeployer
12:01:53,080 DEBUG [ServiceController] Starting dependent components for: jboss.system:service=MainDeployer dependent components: []
12:01:53,080 DEBUG [Server] Shutdown hook added
12:01:53,689 DEBUG [Server] Created system XMBean: jboss.system:service=JARDeployer
12:01:53,689 DEBUG [ServiceController] Creating service jboss.system:service=JARDeployer
12:01:53,689 DEBUG [JARDeployer] Creating jboss.system:service=JARDeployer
12:01:53,721 DEBUG [JARDeployer] Created jboss.system:service=JARDeployer
12:01:53,721 DEBUG [ServiceController] Creating dependent components for: jboss.system:service=JARDeployer dependents are: []
12:01:53,721 DEBUG [ServiceController] starting service jboss.system:service=JARDeployer
12:01:53,721 DEBUG [JARDeployer] Starting jboss.system:service=JARDeployer
12:01:53,721 DEBUG [MainDeployer] Adding deployer: org.jboss.deployment.JARDeployer@5d9084
12:01:53,721 DEBUG [SuffixOrderHelper] Static suffix exists; ignoring request for adding enhanced suffix: 700:.jar
12:01:53,721 DEBUG [JARDeployer] Started jboss.system:service=JARDeployer
12:01:53,721 DEBUG [ServiceController] Starting dependent components for: jboss.system:service=JARDeployer dependent components: []
12:01:54,158 DEBUG [Server] Created system XMBean: jboss.system:service=ServiceDeployer
12:01:54,158 DEBUG [ServiceController] Creating service jboss.system:service=ServiceDeployer
12:01:54,158 DEBUG [SARDeployer] Creating jboss.system:service=ServiceDeployer
12:01:54,174 DEBUG [SARDeployer] Created jboss.system:service=ServiceDeployer
12:01:54,174 DEBUG [ServiceController] Creating dependent components for: jboss.system:service=ServiceDeployer dependents are: []
12:01:54,174 DEBUG [ServiceController] starting service jboss.system:service=ServiceDeployer
12:01:54,174 DEBUG [SARDeployer] Starting jboss.system:service=ServiceDeployer
12:01:54,174 DEBUG [MainDeployer] Adding deployer: org.jboss.deployment.SARDeployer@95cfbe
12:01:54,189 DEBUG [SARDeployer] Started jboss.system:service=ServiceDeployer
12:01:54,189 DEBUG [ServiceController] Starting dependent components for: jboss.system:service=ServiceDeployer dependent components: []
12:01:54,189 INFO  [Server] Core system initialized
12:01:54,799 DEBUG [MainDeployer] Starting deployment of package: file:/D:/jboss-4.2.3.GA/server/default/conf/jboss-service.xml
12:01:54,814 DEBUG [MainDeployer] Starting deployment (init step) of package at: file:/D:/jboss-4.2.3.GA/server/default/conf/jboss-service.xml
12:01:56,064 DEBUG [MainDeployer] Copying file:/D:/jboss-4.2.3.GA/server/default/conf/jboss-service.xml -> D:\jboss-4.2.3.GA\server\default\tmp\deploy\tmp5645647175312286709jboss-service.xml
12:01:56,705 DEBUG [MainDeployer] using deployer org.jboss.deployment.SARDeployer@95cfbe
12:01:56,799 DEBUG [SARDeployer] Found classpath element: [classpath: null]
12:01:56,814 DEBUG [SARDeployer] codebase URL is file:/D:/jboss-4.2.3.GA/server/default/lib/
12:01:56,814 DEBUG [SARDeployer] listing codebase for archives matching *
12:01:56,814 DEBUG [SARDeployer] URLLister class is org.jboss.net.protocol.file.FileURLLister
12:01:56,939 DEBUG [SARDeployer] deployed classes for file:/D:/jboss-4.2.3.GA/server/default/lib/activation.jar
12:01:56,939 DEBUG [SARDeployer] deployed classes for file:/D:/jboss-4.2.3.GA/server/default/lib/antlr.jar
12:01:56,939 DEBUG [SARDeployer] deployed classes for file:/D:/jboss-4.2.3.GA/server/default/lib/autonumber-plugin.jar
12:01:56,939 DEBUG [SARDeployer] deployed classes for file:/D:/jboss-4.2.3.GA/server/default/lib/bcel.jar
12:01:56,939 DEBUG [SARDeployer] deployed classes for file:/D:/jboss-4.2.3.GA/server/default/lib/bindingservice-plugin.jar
12:01:56,939 DEBUG [SARDeployer] deployed classes for file:/D:/jboss-4.2.3.GA/server/default/lib/bsf.jar
12:01:56,939 DEBUG [SARDeployer] deployed classes for file:/D:/jboss-4.2.3.GA/server/default/lib/bsh-deployer.jar
12:01:56,939 DEBUG [SARDeployer] deployed classes for file:/D:/jboss-4.2.3.GA/server/default/lib/bsh.jar
12:01:56,939 DEBUG [SARDeployer] deployed classes for file:/D:/jboss-4.2.3.GA/server/default/lib/cglib.jar
12:01:56,939 DEBUG [SARDeployer] deployed classes for file:/D:/jboss-4.2.3.GA/server/default/lib/commons-codec.jar
12:01:56,939 DEBUG [SARDeployer] deployed classes for file:/D:/jboss-4.2.3.GA/server/default/lib/commons-collections.jar
12:01:56,939 DEBUG [SARDeployer] deployed classes for file:/D:/jboss-4.2.3.GA/server/default/lib/commons-httpclient.jar
12:01:56,939 DEBUG [SARDeployer] deployed classes for file:/D:/jboss-4.2.3.GA/server/default/lib/commons-logging.jar
12:01:56,939 DEBUG [SARDeployer] deployed classes for file:/D:/jboss-4.2.3.GA/server/default/lib/dom4j.jar
12:01:56,939 DEBUG [SARDeployer] deployed classes for file:/D:/jboss-4.2.3.GA/server/default/lib/ejb3-persistence.jar
12:01:56,939 DEBUG [SARDeployer] deployed classes for file:/D:/jboss-4.2.3.GA/server/default/lib/el-api.jar
12:01:56,939 DEBUG [SARDeployer] deployed classes for file:/D:/jboss-4.2.3.GA/server/default/lib/hsqldb-plugin.jar
12:01:56,955 DEBUG [SARDeployer] deployed classes for file:/D:/jboss-4.2.3.GA/server/default/lib/hsqldb.jar
12:01:56,955 DEBUG [SARDeployer] deployed classes for file:/D:/jboss-4.2.3.GA/server/default/lib/javassist.jar
12:01:56,955 DEBUG [SARDeployer] deployed classes for file:/D:/jboss-4.2.3.GA/server/default/lib/jaxen.jar
12:01:56,955 DEBUG [SARDeployer] deployed classes for file:/D:/jboss-4.2.3.GA/server/default/lib/jboss-common-jdbc-wrapper.jar
12:01:56,955 DEBUG [SARDeployer] deployed classes for file:/D:/jboss-4.2.3.GA/server/default/lib/jboss-ejb3x.jar
12:01:56,955 DEBUG [SARDeployer] deployed classes for file:/D:/jboss-4.2.3.GA/server/default/lib/jboss-hibernate.jar
12:01:56,955 DEBUG [SARDeployer] deployed classes for file:/D:/jboss-4.2.3.GA/server/default/lib/jboss-iiop.jar
12:01:56,955 DEBUG [SARDeployer] deployed classes for file:/D:/jboss-4.2.3.GA/server/default/lib/jboss-j2ee.jar
12:01:56,955 DEBUG [SARDeployer] deployed classes for file:/D:/jboss-4.2.3.GA/server/default/lib/jboss-jaxrpc.jar
12:01:56,955 DEBUG [SARDeployer] deployed classes for file:/D:/jboss-4.2.3.GA/server/default/lib/jboss-jaxws-ext.jar
12:01:56,955 DEBUG [SARDeployer] deployed classes for file:/D:/jboss-4.2.3.GA/server/default/lib/jboss-jaxws.jar
12:01:56,955 DEBUG [SARDeployer] deployed classes for file:/D:/jboss-4.2.3.GA/server/default/lib/jboss-jca.jar
12:01:56,955 DEBUG [SARDeployer] deployed classes for file:/D:/jboss-4.2.3.GA/server/default/lib/jboss-jsr77.jar
12:01:56,955 DEBUG [SARDeployer] deployed classes for file:/D:/jboss-4.2.3.GA/server/default/lib/jboss-jsr88.jar
12:01:56,955 DEBUG [SARDeployer] deployed classes for file:/D:/jboss-4.2.3.GA/server/default/lib/jboss-management.jar
12:01:56,955 DEBUG [SARDeployer] deployed classes for file:/D:/jboss-4.2.3.GA/server/default/lib/jboss-monitoring.jar
12:01:56,955 DEBUG [SARDeployer] deployed classes for file:/D:/jboss-4.2.3.GA/server/default/lib/jboss-remoting-int.jar
12:01:56,955 DEBUG [SARDeployer] deployed classes for file:/D:/jboss-4.2.3.GA/server/default/lib/jboss-remoting.jar
12:01:56,955 DEBUG [SARDeployer] deployed classes for file:/D:/jboss-4.2.3.GA/server/default/lib/jboss-saaj.jar
12:01:56,955 DEBUG [SARDeployer] deployed classes for file:/D:/jboss-4.2.3.GA/server/default/lib/jboss-serialization.jar
12:01:56,955 DEBUG [SARDeployer] deployed classes for file:/D:/jboss-4.2.3.GA/server/default/lib/jboss-srp.jar
12:01:56,955 DEBUG [SARDeployer] deployed classes for file:/D:/jboss-4.2.3.GA/server/default/lib/jboss-transaction.jar
12:01:56,955 DEBUG [SARDeployer] deployed classes for file:/D:/jboss-4.2.3.GA/server/default/lib/jboss-vfs.jar
12:01:56,955 DEBUG [SARDeployer] deployed classes for file:/D:/jboss-4.2.3.GA/server/default/lib/jboss.jar
12:01:56,955 DEBUG [SARDeployer] deployed classes for file:/D:/jboss-4.2.3.GA/server/default/lib/jbossjta-integration.jar
12:01:56,955 DEBUG [SARDeployer] deployed classes for file:/D:/jboss-4.2.3.GA/server/default/lib/jbossjta.jar
12:01:56,955 DEBUG [SARDeployer] deployed classes for file:/D:/jboss-4.2.3.GA/server/default/lib/jbossmq.jar
12:01:56,955 DEBUG [SARDeployer] deployed classes for file:/D:/jboss-4.2.3.GA/server/default/lib/jbosssx.jar
12:01:56,955 DEBUG [SARDeployer] deployed classes for file:/D:/jboss-4.2.3.GA/server/default/lib/jbossts-common.jar
12:01:56,955 DEBUG [SARDeployer] deployed classes for file:/D:/jboss-4.2.3.GA/server/default/lib/jbossws-common.jar
12:01:56,955 DEBUG [SARDeployer] deployed classes for file:/D:/jboss-4.2.3.GA/server/default/lib/jbossws-framework.jar
12:01:56,955 DEBUG [SARDeployer] deployed classes for file:/D:/jboss-4.2.3.GA/server/default/lib/jbossws-jboss42.jar
12:01:56,955 DEBUG [SARDeployer] deployed classes for file:/D:/jboss-4.2.3.GA/server/default/lib/jbossws-spi.jar
12:01:56,955 DEBUG [SARDeployer] deployed classes for file:/D:/jboss-4.2.3.GA/server/default/lib/jmx-adaptor-plugin.jar
12:01:56,955 DEBUG [SARDeployer] deployed classes for file:/D:/jboss-4.2.3.GA/server/default/lib/jnpserver.jar
12:01:56,955 DEBUG [SARDeployer] deployed classes for file:/D:/jboss-4.2.3.GA/server/default/lib/joesnmp.jar
12:01:56,955 DEBUG [SARDeployer] deployed classes for file:/D:/jboss-4.2.3.GA/server/default/lib/jsp-api.jar
12:01:56,955 DEBUG [SARDeployer] deployed classes for file:/D:/jboss-4.2.3.GA/server/default/lib/log4j-snmp-appender.jar
12:01:56,955 DEBUG [SARDeployer] deployed classes for file:/D:/jboss-4.2.3.GA/server/default/lib/log4j.jar
12:01:56,955 DEBUG [SARDeployer] deployed classes for file:/D:/jboss-4.2.3.GA/server/default/lib/mail-plugin.jar
12:01:56,955 DEBUG [SARDeployer] deployed classes for file:/D:/jboss-4.2.3.GA/server/default/lib/mail.jar
12:01:56,955 DEBUG [SARDeployer] deployed classes for file:/D:/jboss-4.2.3.GA/server/default/lib/org.springframework.instrument-3.0.1.RELEASE-A.jar
12:01:56,955 DEBUG [SARDeployer] deployed classes for file:/D:/jboss-4.2.3.GA/server/default/lib/properties-plugin.jar
12:01:56,955 DEBUG [SARDeployer] deployed classes for file:/D:/jboss-4.2.3.GA/server/default/lib/quartz.jar
12:01:56,955 DEBUG [SARDeployer] deployed classes for file:/D:/jboss-4.2.3.GA/server/default/lib/scheduler-plugin-example.jar
12:01:56,955 DEBUG [SARDeployer] deployed classes for file:/D:/jboss-4.2.3.GA/server/default/lib/scheduler-plugin.jar
12:01:56,955 DEBUG [SARDeployer] deployed classes for file:/D:/jboss-4.2.3.GA/server/default/lib/servlet-api.jar
12:01:56,955 DEBUG [SARDeployer] deployed classes for file:/D:/jboss-4.2.3.GA/server/default/lib/sqljdbc4.jar
12:01:56,955 DEBUG [SARDeployer] deployed classes for file:/D:/jboss-4.2.3.GA/server/default/lib/xmlentitymgr.jar
12:01:56,955 DEBUG [SARDeployer] about to copy 0 local directories
12:01:56,955 DEBUG [SARDeployer] looking for nested deployments in : file:/D:/jboss-4.2.3.GA/server/default/conf/jboss-service.xml
12:01:56,971 DEBUG [DeploymentInfo] createLoaderRepository from config: LoaderRepositoryConfig(repositoryName: JMImplementation:service=LoaderRepository,name=Default, repositoryClassName: null, configParserClassName: null, repositoryConfig: null)
12:01:56,971 DEBUG [RepositoryClassLoader] setRepository, repository=org.jboss.mx.loading.UnifiedLoaderRepository3@148bd3, cl=org.jboss.mx.loading.UnifiedClassLoader3@dc67e{ url=null ,addedOrder=0}
12:01:56,971 DEBUG [RepositoryClassLoader] setRepository, repository=org.jboss.mx.loading.UnifiedLoaderRepository3@148bd3, cl=org.jboss.mx.loading.UnifiedClassLoader3@dc67e{ url=null ,addedOrder=0}
12:01:56,971 DEBUG [UnifiedLoaderRepository3] Adding org.jboss.mx.loading.UnifiedClassLoader3@dc67e{ url=null ,addedOrder=0}
12:02:15,158 DEBUG [RepositoryClassLoader] Added url: file:/D:/jboss-4.2.3.GA/server/default/lib/activation.jar, to ucl: org.jboss.mx.loading.UnifiedClassLoader3@dc67e{ url=null ,addedOrder=2}
12:02:41,611 INFO  [Server] Runtime shutdown hook called, forceHalt: true
12:02:41,611 INFO  [Server] JBoss SHUTDOWN: Undeploying all packages
12:02:41,627 DEBUG [MainDeployer] Undeployed 0 deployed packages
12:02:41,627 DEBUG [Server] Shutting down all services
12:02:41,627 DEBUG [ServiceController] Stopping 4 services
12:02:41,627 DEBUG [ServiceController] stopping service: jboss.system:service=ServiceDeployer
12:02:41,627 DEBUG [ServiceController] stopping dependent services for: jboss.system:service=ServiceDeployer dependent services are: []
12:02:41,627 DEBUG [SARDeployer] Stopping jboss.system:service=ServiceDeployer
12:02:41,627 DEBUG [MainDeployer] Removing deployer: org.jboss.deployment.SARDeployer@95cfbe
12:02:41,627 DEBUG [SARDeployer] Stopped jboss.system:service=ServiceDeployer
12:02:41,627 DEBUG [ServiceController] destroying service: jboss.system:service=ServiceDeployer
12:02:41,627 DEBUG [ServiceController] destroying dependent services for: jboss.system:service=ServiceDeployer dependent services are: []
12:02:41,627 DEBUG [SARDeployer] Destroying jboss.system:service=ServiceDeployer
12:02:41,627 DEBUG [SARDeployer] Destroyed jboss.system:service=ServiceDeployer
12:02:41,627 DEBUG [ServiceController] removing service: jboss.system:service=ServiceDeployer
12:02:41,627 DEBUG [ServiceController] removing jboss.system:service=ServiceDeployer from server
12:02:41,627 DEBUG [ServiceController] stopping service: jboss.system:service=JARDeployer
12:02:41,627 DEBUG [ServiceController] stopping dependent services for: jboss.system:service=JARDeployer dependent services are: []
12:02:41,627 DEBUG [JARDeployer] Stopping jboss.system:service=JARDeployer
12:02:41,627 DEBUG [JARDeployer] Stopped jboss.system:service=JARDeployer
12:02:41,627 DEBUG [ServiceController] destroying service: jboss.system:service=JARDeployer
12:02:41,627 DEBUG [ServiceController] destroying dependent services for: jboss.system:service=JARDeployer dependent services are: []
12:02:41,627 DEBUG [JARDeployer] Destroying jboss.system:service=JARDeployer
12:02:41,627 DEBUG [JARDeployer] Destroyed jboss.system:service=JARDeployer
12:02:41,627 DEBUG [ServiceController] removing service: jboss.system:service=JARDeployer
12:02:41,627 DEBUG [ServiceController] removing jboss.system:service=JARDeployer from server
12:02:41,627 DEBUG [ServiceController] stopping service: jboss.system:service=MainDeployer
12:02:41,627 DEBUG [ServiceController] stopping dependent services for: jboss.system:service=MainDeployer dependent services are: []
12:02:41,627 DEBUG [MainDeployer] Stopping jboss.system:service=MainDeployer
12:02:41,627 DEBUG [MainDeployer] Stopped jboss.system:service=MainDeployer
12:02:41,627 DEBUG [ServiceController] destroying service: jboss.system:service=MainDeployer
12:02:41,627 DEBUG [ServiceController] destroying dependent services for: jboss.system:service=MainDeployer dependent services are: []
12:02:41,627 DEBUG [MainDeployer] Destroying jboss.system:service=MainDeployer
12:02:41,627 DEBUG [MainDeployer] Destroyed jboss.system:service=MainDeployer
12:02:41,627 DEBUG [ServiceController] removing service: jboss.system:service=MainDeployer
12:02:41,627 DEBUG [ServiceController] removing jboss.system:service=MainDeployer from server
12:02:41,627 DEBUG [ServiceController] Stopped 3 services
12:02:41,627 DEBUG [Server] Deleting server tmp/deploy directory
12:02:41,627 INFO  [Server] Shutdown complete
